2022-03-14 11:29:33,925 WARN  [SoapUI] Missing folder [C:\Users\Administrator\Desktop\Customer respotiory\my-app\ext] for external libraries
2022-03-14 11:29:34,198 INFO  [DefaultSoapUICore] initialized soapui-settings from [C:\Users\Administrator\soapui-settings.xml]
2022-03-14 11:29:35,000 WARN  [SoapUI] Plugin 'ready-uxm-plugin-os-1.0.3.jar' is not loaded because it hasn't been signed by SmartBear Software.
2022-03-14 11:29:35,194 INFO  [PluginManager] Adding plugin from [C:\Users\Administrator\.soapuios\plugins\readyapi-postman-1.0.1.jar]
2022-03-14 11:29:36,140 ERROR [SoapUI] An error occurred [com.eviware.soapui.plugins.auto.factories.AutoImportMethodFactory], see error log for details
2022-03-14 11:29:36,142 ERROR [errorlog] java.lang.ClassNotFoundException: com.eviware.soapui.plugins.auto.factories.AutoImportMethodFactory
java.lang.ClassNotFoundException: com.eviware.soapui.plugins.auto.factories.AutoImportMethodFactory
	at org.codehaus.plexus.classworlds.strategy.SelfFirstStrategy.loadClass(SelfFirstStrategy.java:50)
	at org.codehaus.plexus.classworlds.realm.ClassRealm.unsynchronizedLoadClass(ClassRealm.java:271)
	at org.codehaus.plexus.classworlds.realm.ClassRealm.loadClass(ClassRealm.java:247)
	at org.codehaus.plexus.classworlds.realm.ClassRealm.loadClass(ClassRealm.java:239)
	at java.lang.Class.forName0(Native Method)
	at java.lang.Class.forName(Class.java:264)
	at com.eviware.soapui.plugins.LoaderBase.loadAutoFactories(LoaderBase.java:113)
	at com.eviware.soapui.plugins.LoaderBase.loadFactories(LoaderBase.java:80)
	at com.eviware.soapui.plugins.PluginLoader.loadPluginFactories(PluginLoader.java:141)
	at com.eviware.soapui.plugins.PluginLoader.loadPlugin(PluginLoader.java:104)
	at com.eviware.soapui.plugins.PluginLoader.loadPlugin(PluginLoader.java:54)
	at com.eviware.soapui.plugins.PluginManager.doInstallPlugin(PluginManager.java:141)
	at com.eviware.soapui.plugins.PluginManager.access$600(PluginManager.java:43)
	at com.eviware.soapui.plugins.PluginManager$LoadPluginsTask.computeSequentially(PluginManager.java:420)
	at com.eviware.soapui.plugins.PluginManager$LoadPluginsTask.compute(PluginManager.java:377)
	at com.eviware.soapui.plugins.PluginManager$LoadPluginsTask.compute(PluginManager.java:365)
	at java.util.concurrent.RecursiveTask.exec(RecursiveTask.java:94)
	at java.util.concurrent.ForkJoinTask.doExec(ForkJoinTask.java:289)
	at java.util.concurrent.ForkJoinPool$WorkQueue.runTask(ForkJoinPool.java:1056)
	at java.util.concurrent.ForkJoinPool.runWorker(ForkJoinPool.java:1692)
	at java.util.concurrent.ForkJoinWorkerThread.run(ForkJoinWorkerThread.java:157)
2022-03-14 11:29:36,188 ERROR [SoapUI] An error occurred [com.eviware.soapui.plugins.auto.factories.AutoDiscoveryMethodFactory], see error log for details
2022-03-14 11:29:36,189 ERROR [errorlog] java.lang.ClassNotFoundException: com.eviware.soapui.plugins.auto.factories.AutoDiscoveryMethodFactory
java.lang.ClassNotFoundException: com.eviware.soapui.plugins.auto.factories.AutoDiscoveryMethodFactory
	at org.codehaus.plexus.classworlds.strategy.SelfFirstStrategy.loadClass(SelfFirstStrategy.java:50)
	at org.codehaus.plexus.classworlds.realm.ClassRealm.unsynchronizedLoadClass(ClassRealm.java:271)
	at org.codehaus.plexus.classworlds.realm.ClassRealm.loadClass(ClassRealm.java:247)
	at org.codehaus.plexus.classworlds.realm.ClassRealm.loadClass(ClassRealm.java:239)
	at java.lang.Class.forName0(Native Method)
	at java.lang.Class.forName(Class.java:264)
	at com.eviware.soapui.plugins.LoaderBase.loadAutoFactories(LoaderBase.java:113)
	at com.eviware.soapui.plugins.LoaderBase.loadFactories(LoaderBase.java:80)
	at com.eviware.soapui.plugins.PluginLoader.loadPluginFactories(PluginLoader.java:141)
	at com.eviware.soapui.plugins.PluginLoader.loadPlugin(PluginLoader.java:104)
	at com.eviware.soapui.plugins.PluginLoader.loadPlugin(PluginLoader.java:54)
	at com.eviware.soapui.plugins.PluginManager.doInstallPlugin(PluginManager.java:141)
	at com.eviware.soapui.plugins.PluginManager.access$600(PluginManager.java:43)
	at com.eviware.soapui.plugins.PluginManager$LoadPluginsTask.computeSequentially(PluginManager.java:420)
	at com.eviware.soapui.plugins.PluginManager$LoadPluginsTask.compute(PluginManager.java:377)
	at com.eviware.soapui.plugins.PluginManager$LoadPluginsTask.compute(PluginManager.java:365)
	at java.util.concurrent.RecursiveTask.exec(RecursiveTask.java:94)
	at java.util.concurrent.ForkJoinTask.doExec(ForkJoinTask.java:289)
	at java.util.concurrent.ForkJoinPool$WorkQueue.runTask(ForkJoinPool.java:1056)
	at java.util.concurrent.ForkJoinPool.runWorker(ForkJoinPool.java:1692)
	at java.util.concurrent.ForkJoinWorkerThread.run(ForkJoinWorkerThread.java:157)
2022-03-14 11:29:36,241 INFO  [PluginManager] Adding plugin from [C:\Users\Administrator\.soapuios\plugins\ready-mqtt-plugin-dist.jar]
2022-03-14 11:29:36,804 ERROR [SoapUI] An error occurred [com.eviware.soapui.plugins.auto.factories.AutoImportMethodFactory], see error log for details
2022-03-14 11:29:36,804 ERROR [errorlog] java.lang.ClassNotFoundException: com.eviware.soapui.plugins.auto.factories.AutoImportMethodFactory
java.lang.ClassNotFoundException: com.eviware.soapui.plugins.auto.factories.AutoImportMethodFactory
	at org.codehaus.plexus.classworlds.strategy.SelfFirstStrategy.loadClass(SelfFirstStrategy.java:50)
	at org.codehaus.plexus.classworlds.realm.ClassRealm.unsynchronizedLoadClass(ClassRealm.java:271)
	at org.codehaus.plexus.classworlds.realm.ClassRealm.loadClass(ClassRealm.java:247)
	at org.codehaus.plexus.classworlds.realm.ClassRealm.loadClass(ClassRealm.java:239)
	at java.lang.Class.forName0(Native Method)
	at java.lang.Class.forName(Class.java:264)
	at com.eviware.soapui.plugins.LoaderBase.loadAutoFactories(LoaderBase.java:113)
	at com.eviware.soapui.plugins.LoaderBase.loadFactories(LoaderBase.java:80)
	at com.eviware.soapui.plugins.PluginLoader.loadPluginFactories(PluginLoader.java:141)
	at com.eviware.soapui.plugins.PluginLoader.loadPlugin(PluginLoader.java:104)
	at com.eviware.soapui.plugins.PluginLoader.loadPlugin(PluginLoader.java:54)
	at com.eviware.soapui.plugins.PluginManager.doInstallPlugin(PluginManager.java:141)
	at com.eviware.soapui.plugins.PluginManager.access$600(PluginManager.java:43)
	at com.eviware.soapui.plugins.PluginManager$LoadPluginsTask.computeSequentially(PluginManager.java:420)
	at com.eviware.soapui.plugins.PluginManager$LoadPluginsTask.compute(PluginManager.java:377)
	at com.eviware.soapui.plugins.PluginManager$LoadPluginsTask.compute(PluginManager.java:365)
	at java.util.concurrent.RecursiveTask.exec(RecursiveTask.java:94)
	at java.util.concurrent.ForkJoinTask.doExec(ForkJoinTask.java:289)
	at java.util.concurrent.ForkJoinPool$WorkQueue.runTask(ForkJoinPool.java:1056)
	at java.util.concurrent.ForkJoinPool.runWorker(ForkJoinPool.java:1692)
	at java.util.concurrent.ForkJoinWorkerThread.run(ForkJoinWorkerThread.java:157)
2022-03-14 11:29:36,822 ERROR [SoapUI] An error occurred [com.eviware.soapui.plugins.auto.factories.AutoDiscoveryMethodFactory], see error log for details
2022-03-14 11:29:36,823 ERROR [errorlog] java.lang.ClassNotFoundException: com.eviware.soapui.plugins.auto.factories.AutoDiscoveryMethodFactory
java.lang.ClassNotFoundException: com.eviware.soapui.plugins.auto.factories.AutoDiscoveryMethodFactory
	at org.codehaus.plexus.classworlds.strategy.SelfFirstStrategy.loadClass(SelfFirstStrategy.java:50)
	at org.codehaus.plexus.classworlds.realm.ClassRealm.unsynchronizedLoadClass(ClassRealm.java:271)
	at org.codehaus.plexus.classworlds.realm.ClassRealm.loadClass(ClassRealm.java:247)
	at org.codehaus.plexus.classworlds.realm.ClassRealm.loadClass(ClassRealm.java:239)
	at java.lang.Class.forName0(Native Method)
	at java.lang.Class.forName(Class.java:264)
	at com.eviware.soapui.plugins.LoaderBase.loadAutoFactories(LoaderBase.java:113)
	at com.eviware.soapui.plugins.LoaderBase.loadFactories(LoaderBase.java:80)
	at com.eviware.soapui.plugins.PluginLoader.loadPluginFactories(PluginLoader.java:141)
	at com.eviware.soapui.plugins.PluginLoader.loadPlugin(PluginLoader.java:104)
	at com.eviware.soapui.plugins.PluginLoader.loadPlugin(PluginLoader.java:54)
	at com.eviware.soapui.plugins.PluginManager.doInstallPlugin(PluginManager.java:141)
	at com.eviware.soapui.plugins.PluginManager.access$600(PluginManager.java:43)
	at com.eviware.soapui.plugins.PluginManager$LoadPluginsTask.computeSequentially(PluginManager.java:420)
	at com.eviware.soapui.plugins.PluginManager$LoadPluginsTask.compute(PluginManager.java:377)
	at com.eviware.soapui.plugins.PluginManager$LoadPluginsTask.compute(PluginManager.java:365)
	at java.util.concurrent.RecursiveTask.exec(RecursiveTask.java:94)
	at java.util.concurrent.ForkJoinTask.doExec(ForkJoinTask.java:289)
	at java.util.concurrent.ForkJoinPool$WorkQueue.runTask(ForkJoinPool.java:1056)
	at java.util.concurrent.ForkJoinPool.runWorker(ForkJoinPool.java:1692)
	at java.util.concurrent.ForkJoinWorkerThread.run(ForkJoinWorkerThread.java:157)
2022-03-14 11:29:36,840 INFO  [PluginManager] 2 plugins loaded in 1649 ms
2022-03-14 11:29:36,840 INFO  [DefaultSoapUICore] All plugins loaded
2022-03-14 11:29:37,968 INFO  [WsdlProject] Loaded project from [file:/C:/Users/Administrator/Desktop/Customer%20respotiory/my-app/customerCustomerRepositoryV1-soapui-project.xml]
2022-03-14 11:29:37,973 INFO  [SoapUITestCaseRunner] Running SoapUI tests in project [customerCustomerRepositoryV1]
2022-03-14 11:29:37,974 INFO  [SoapUITestCaseRunner] Running Project [customerCustomerRepositoryV1], runType = SEQUENTIAL
2022-03-14 11:29:37,987 INFO  [SoapUITestCaseRunner] Running SoapUI testcase [Property transfer]
2022-03-14 11:29:38,006 INFO  [SoapUITestCaseRunner] running step [Properties]
2022-03-14 11:29:38,046 INFO  [SoapUITestCaseRunner] running step [details of cx transfer]
2022-03-14 11:29:38,239 INFO  [SoapUITestCaseRunner] running step [customer]
2022-03-14 11:29:40,812 INFO  [SchemaUtils] Added default schema from file:/C:/Users/Administrator/.m2/repository/com/smartbear/soapui/soapui/5.5.0/soapui-5.5.0.jar!/com/eviware/soapui/resources/xsds/xop.xsd with targetNamespace http://www.w3.org/2004/08/xop/include
2022-03-14 11:29:40,834 INFO  [SchemaUtils] Added default schema from file:/C:/Users/Administrator/.m2/repository/com/smartbear/soapui/soapui/5.5.0/soapui-5.5.0.jar!/com/eviware/soapui/resources/xsds/XMLSchema.xsd with targetNamespace http://www.w3.org/2001/XMLSchema
2022-03-14 11:29:40,837 INFO  [SchemaUtils] Added default schema from file:/C:/Users/Administrator/.m2/repository/com/smartbear/soapui/soapui/5.5.0/soapui-5.5.0.jar!/com/eviware/soapui/resources/xsds/xml.xsd with targetNamespace http://www.w3.org/XML/1998/namespace
2022-03-14 11:29:40,838 INFO  [SchemaUtils] Added default schema from file:/C:/Users/Administrator/.m2/repository/com/smartbear/soapui/soapui/5.5.0/soapui-5.5.0.jar!/com/eviware/soapui/resources/xsds/swaref.xsd with targetNamespace http://ws-i.org/profiles/basic/1.1/xsd
2022-03-14 11:29:40,840 INFO  [SchemaUtils] Added default schema from file:/C:/Users/Administrator/.m2/repository/com/smartbear/soapui/soapui/5.5.0/soapui-5.5.0.jar!/com/eviware/soapui/resources/xsds/xmime200505.xsd with targetNamespace http://www.w3.org/2005/05/xmlmime
2022-03-14 11:29:40,842 INFO  [SchemaUtils] Added default schema from file:/C:/Users/Administrator/.m2/repository/com/smartbear/soapui/soapui/5.5.0/soapui-5.5.0.jar!/com/eviware/soapui/resources/xsds/xmime200411.xsd with targetNamespace http://www.w3.org/2004/11/xmlmime
2022-03-14 11:29:40,845 INFO  [SchemaUtils] Added default schema from file:/C:/Users/Administrator/.m2/repository/com/smartbear/soapui/soapui/5.5.0/soapui-5.5.0.jar!/com/eviware/soapui/resources/xsds/soapEnvelope.xsd with targetNamespace http://schemas.xmlsoap.org/soap/envelope/
2022-03-14 11:29:40,848 INFO  [SchemaUtils] Added default schema from file:/C:/Users/Administrator/.m2/repository/com/smartbear/soapui/soapui/5.5.0/soapui-5.5.0.jar!/com/eviware/soapui/resources/xsds/soapEncoding.xsd with targetNamespace http://schemas.xmlsoap.org/soap/encoding/
2022-03-14 11:29:40,850 INFO  [SchemaUtils] Added default schema from file:/C:/Users/Administrator/.m2/repository/com/smartbear/soapui/soapui/5.5.0/soapui-5.5.0.jar!/com/eviware/soapui/resources/xsds/soapEnvelope12.xsd with targetNamespace http://www.w3.org/2003/05/soap-envelope
2022-03-14 11:29:40,858 INFO  [SchemaUtils] Added default schema from file:/C:/Users/Administrator/.m2/repository/com/smartbear/soapui/soapui/5.5.0/soapui-5.5.0.jar!/com/eviware/soapui/resources/xsds/soapEncoding12.xsd with targetNamespace http://www.w3.org/2003/05/soap-encoding
2022-03-14 11:29:40,859 INFO  [SchemaUtils] Loading schema types from [file:\C:\Users\Administrator\Downloads\SOAP%20API%20WSDL%20EndPoints\SOAP%20API%20WSDL%20EndPoints\customerCustomerRepositoryV1.xml]
2022-03-14 11:29:40,861 INFO  [SchemaUtils] Getting schema file:\C:\Users\Administrator\Downloads\SOAP%20API%20WSDL%20EndPoints\SOAP%20API%20WSDL%20EndPoints\customerCustomerRepositoryV1.xml
2022-03-14 11:29:41,090 INFO  [SoapUITestCaseRunner] Assertion [SOAP Response] has status VALID
2022-03-14 11:29:41,091 INFO  [SoapUITestCaseRunner] Assertion [Schema Compliance] has status VALID
2022-03-14 11:29:41,091 INFO  [SoapUITestCaseRunner] Assertion [Not SOAP Fault] has status VALID
2022-03-14 11:29:41,091 INFO  [SoapUITestCaseRunner] running step [get all cx]
2022-03-14 11:29:54,590 INFO  [SoapUITestCaseRunner] Assertion [SOAP Response] has status VALID
2022-03-14 11:29:54,591 INFO  [SoapUITestCaseRunner] Assertion [Schema Compliance] has status VALID
2022-03-14 11:29:54,591 INFO  [SoapUITestCaseRunner] Assertion [Not SOAP Fault] has status VALID
2022-03-14 11:29:54,591 INFO  [SoapUITestCaseRunner] running step [transfer cx id]
2022-03-14 11:29:54,596 INFO  [SoapUITestCaseRunner] running step [get cx by id]
2022-03-14 11:29:55,421 INFO  [SoapUITestCaseRunner] Assertion [SOAP Response] has status VALID
2022-03-14 11:29:55,421 INFO  [SoapUITestCaseRunner] Assertion [Schema Compliance] has status VALID
2022-03-14 11:29:55,421 INFO  [SoapUITestCaseRunner] Assertion [Not SOAP Fault] has status VALID
2022-03-14 11:29:55,422 INFO  [SoapUITestCaseRunner] running step [Transfer cx id to delete]
2022-03-14 11:29:55,428 INFO  [SoapUITestCaseRunner] running step [delete by id]
2022-03-14 11:29:56,401 INFO  [SoapUITestCaseRunner] Assertion [SOAP Response] has status VALID
2022-03-14 11:29:56,402 INFO  [SoapUITestCaseRunner] Assertion [Schema Compliance] has status VALID
2022-03-14 11:29:56,402 INFO  [SoapUITestCaseRunner] Assertion [Not SOAP Fault] has status VALID
2022-03-14 11:29:56,405 INFO  [SoapUITestCaseRunner] Finished running SoapUI testcase [Property transfer], time taken: 18378ms, status: FINISHED
2022-03-14 11:29:56,413 INFO  [SoapUITestCaseRunner] Running SoapUI testcase [Property expansion]
2022-03-14 11:29:56,413 INFO  [SoapUITestCaseRunner] running step [Properties]
2022-03-14 11:29:56,415 INFO  [SoapUITestCaseRunner] running step [customer]
2022-03-14 11:29:57,850 INFO  [SoapUITestCaseRunner] Assertion [SOAP Response] has status VALID
2022-03-14 11:29:57,851 INFO  [SoapUITestCaseRunner] Assertion [Schema Compliance] has status VALID
2022-03-14 11:29:57,854 INFO  [SoapUITestCaseRunner] Assertion [Not SOAP Fault] has status VALID
2022-03-14 11:29:57,854 INFO  [SoapUITestCaseRunner] running step [get all cx or not]
2022-03-14 11:29:57,919 INFO  [log] get all cx
2022-03-14 11:29:57,921 INFO  [SoapUITestCaseRunner] running step [get all cx]
2022-03-14 11:30:11,385 INFO  [SoapUITestCaseRunner] Assertion [SOAP Response] has status VALID
2022-03-14 11:30:11,386 INFO  [SoapUITestCaseRunner] Assertion [Schema Compliance] has status VALID
2022-03-14 11:30:11,388 INFO  [SoapUITestCaseRunner] Assertion [Not SOAP Fault] has status VALID
2022-03-14 11:30:11,396 INFO  [SoapUITestCaseRunner] running step [get cx by id]
2022-03-14 11:30:12,217 INFO  [SoapUITestCaseRunner] Assertion [SOAP Response] has status VALID
2022-03-14 11:30:12,218 INFO  [SoapUITestCaseRunner] Assertion [Schema Compliance] has status VALID
2022-03-14 11:30:12,218 INFO  [SoapUITestCaseRunner] Assertion [Not SOAP Fault] has status VALID
2022-03-14 11:30:12,219 INFO  [SoapUITestCaseRunner] running step [delete by id]
2022-03-14 11:30:13,917 INFO  [SoapUITestCaseRunner] Assertion [SOAP Response] has status VALID
2022-03-14 11:30:13,919 INFO  [SoapUITestCaseRunner] Assertion [Schema Compliance] has status VALID
2022-03-14 11:30:13,919 INFO  [SoapUITestCaseRunner] Assertion [Not SOAP Fault] has status VALID
2022-03-14 11:30:13,920 INFO  [SoapUITestCaseRunner] Finished running SoapUI testcase [Property expansion], time taken: 17462ms, status: FINISHED
2022-03-14 11:30:13,922 INFO  [SoapUITestCaseRunner] Running SoapUI testcase [Script based execution]
2022-03-14 11:30:13,923 INFO  [SoapUITestCaseRunner] running step [Properties]
2022-03-14 11:30:13,925 INFO  [SoapUITestCaseRunner] running step [customer]
2022-03-14 11:30:15,167 INFO  [log] shraf@gmail.com
2022-03-14 11:30:15,173 INFO  [SoapUITestCaseRunner] Assertion [SOAP Response] has status VALID
2022-03-14 11:30:15,175 INFO  [SoapUITestCaseRunner] Assertion [Schema Compliance] has status VALID
2022-03-14 11:30:15,184 INFO  [SoapUITestCaseRunner] Assertion [Not SOAP Fault] has status VALID
2022-03-14 11:30:15,186 INFO  [SoapUITestCaseRunner] Assertion [get response] has status VALID
2022-03-14 11:30:15,194 INFO  [SoapUITestCaseRunner] running step [get all cx]
2022-03-14 11:30:25,793 INFO  [SoapUITestCaseRunner] Assertion [SOAP Response] has status VALID
2022-03-14 11:30:25,793 INFO  [SoapUITestCaseRunner] Assertion [Schema Compliance] has status VALID
2022-03-14 11:30:25,793 INFO  [SoapUITestCaseRunner] Assertion [Not SOAP Fault] has status VALID
2022-03-14 11:30:25,794 INFO  [SoapUITestCaseRunner] running step [get cx by id]
2022-03-14 11:30:26,690 INFO  [log] 14534
2022-03-14 11:30:26,691 INFO  [SoapUITestCaseRunner] Assertion [SOAP Response] has status VALID
2022-03-14 11:30:26,696 INFO  [SoapUITestCaseRunner] Assertion [Schema Compliance] has status VALID
2022-03-14 11:30:26,698 INFO  [SoapUITestCaseRunner] Assertion [Not SOAP Fault] has status VALID
2022-03-14 11:30:26,699 INFO  [SoapUITestCaseRunner] Assertion [Script Assertion] has status VALID
2022-03-14 11:30:26,709 INFO  [SoapUITestCaseRunner] running step [delete by id]
2022-03-14 11:30:27,582 INFO  [SoapUITestCaseRunner] Assertion [SOAP Response] has status VALID
2022-03-14 11:30:27,583 INFO  [SoapUITestCaseRunner] Assertion [Schema Compliance] has status VALID
2022-03-14 11:30:27,584 INFO  [SoapUITestCaseRunner] Assertion [Not SOAP Fault] has status VALID
2022-03-14 11:30:27,589 INFO  [SoapUITestCaseRunner] Finished running SoapUI testcase [Script based execution], time taken: 13613ms, status: FINISHED
2022-03-14 11:30:27,597 INFO  [SoapUITestCaseRunner] Project [customerCustomerRepositoryV1] finished with status [FINISHED] in 49616ms
2022-03-14 11:30:29,820 WARN  [Tools] Could not delete temporary directory C:\Users\ADMINI~1\AppData\Local\Temp\beb8d3ac-c8e3-4bac-8a7c-9c53d22f19f9
